file:       ../krefeld_mg.pbf
key size:            8 Bytes
value size:         24 Bytes
RAM:            262144 items
each swap:           4 files
each file:       16384 items
a rangeFail = we search a key in a file, but it does not exists in that file.
     items,    in Ram,  in Deque,   updates, bloomSuccess, bloomFail, rangeSuccess, rangeFail, fileLoads,   used KB
         0          0          0          0             1          0             0          0          0       6964
      2048       2048       2538        245          4097          0             0          0          0       7676
      4096       4096       4874        389          8193          0             0          0          0      11900
      6144       6144       7317        586         12288          0             0          0          0      12428
      6144       6144       7318        587         12289          0             0          0          0      12428
      8192       8192       9730        769         16385          0             0          0          0      12956
     10240      10240      12080        920         20481          0             0          0          0      13484
     12288      12288      14536       1124         24577          0             0          0          0      14012
     14336      14336      16915       1289         28672          0             0          0          0      14540
     14336      14336      16917       1290         28672          0             0          0          0      14540
     14336      14336      16918       1291         28673          0             0          0          0      14540
     16384      16384      19438       1527         32769          0             0          0          0      15332
     18432      18432      22184       1876         36865          0             0          0          0      15860
     20480      20480      24826       2173         40961          0             0          0          0      16388
     22528      22528      27498       2485         45057          0             0          0          0      16916
     24576      24576      30234       2829         49153          0             0          0          0      17444
     26624      26624      32796       3086         53249          0             0          0          0      17708
     28672      28672      35286       3307         57345          0             0          0          0      18236
     30720      30720      37774       3527         61441          0             0          0          0      18764
     32768      32768      40146       3689         65537          0             0          0          0      19556
     34816      34816      42698       3941         69633          0             0          0          0      19820
     36864      36864      45300       4218         73729          0             0          0          0      20348
     38912      38912      48058       4573         77825          0             0          0          0      20876
     40960      40960      50564       4802         81921          0             0          0          0      21404
     43008      43008      53050       5021         86017          0             0          0          0      21932
     45056      45056      55560       5252         90113          0             0          0          0      22460
     47104      47104      58446       5671         94209          0             0          0          0      22724
     49152      49152      61085       5966         98304          0             0          0          0      22988
     49152      49152      61087       5967         98304          0             0          0          0      22988
     49152      49152      61089       5968         98304          0             0          0          0      22988
     49152      49152      61091       5969         98304          0             0          0          0      22988
     49152      49152      61092       5970         98305          0             0          0          0      22988
     51200      51200      63802       6301        102401          0             0          0          0      23516
     53248      53248      66528       6640        106497          0             0          0          0      23780
     55296      55296      69368       7036        110593          0             0          0          0      24308
     57344      57344      72138       7397        114689          0             0          0          0      24836
     59392      59392      74855       7731        118784          0             0          0          0      25100
     59392      59392      74856       7732        118785          0             0          0          0      25100
     61440      61440      77550       8055        122881          0             0          0          0      25628
     63488      63488      80270       8391        126977          0             0          0          0      26684
     65536      65536      83130       8797        131073          0             0          0          0      26948
     67584      67584      85828       9122        135169          0             0          0          0      27212
     69632      69632      88446       9407        139265          0             0          0          0      27740
     71680      71680      91032       9676        143361          0             0          0          0      28004
     73728      73728      93712       9992        147457          0             0          0          0      28532
     75776      75776      96326      10275        151553          0             0          0          0      28796
     77824      77824      98867      10521        155648          0             0          0          0      29324
     77824      77824      98868      10522        155649          0             0          0          0      29324
     79872      79872     101798      10963        159745          0             0          0          0      29588
     81920      81920     104618      11349        163841          0             0          0          0      30116
     83968      83968     107454      11743        167937          0             0          0          0      30380
     86016      86016     110436      12210        172033          0             0          0          0      30908
     88064      88064     113332      12634        176129          0             0          0          0      31172
     90112      90112     116040      12964        180225          0             0          0          0      31700
     92160      92160     118812      13326        184321          0             0          0          0      31964
     94208      94208     121764      13778        188417          0             0          0          0      32228
     96256      96256     124666      14205        192513          0             0          0          0      32756
     98304      98304     127644      14670        196609          0             0          0          0      33020
    100352     100352     130799      15223        200704          0             0          0          0      33548
    100352     100352     130800      15224        200705          0             0          0          0      33548
    102400     102400     134009      15804        204800          0             0          0          0      33812
    102400     102400     134011      15805        204800          0             0          0          0      33812
    102400     102400     134012      15806        204801          0             0          0          0      33812
    104448     104448     137300      16426        208897          0             0          0          0      34076
    106496     106496     140424      16964        212993          0             0          0          0      34604
    108544     108544     143478      17467        217089          0             0          0          0      34868
    110592     110592     146466      17937        221185          0             0          0          0      35396
    112640     112640     149608      18484        225281          0             0          0          0      35660
    114688     114688     152628      18970        229377          0             0          0          0      35924
    116736     116736     155701      19482        233472          0             0          0          0      36188
    116736     116736     155702      19483        233473          0             0          0          0      36188
    118784     118784     158822      20019        237569          0             0          0          0      36716
    120832     120832     161890      20529        241665          0             0          0          0      36980
    122880     122880     165292      21206        245761          0             0          0          0      37244
    124928     124928     168154      21613        249857          0             0          0          0      37772
    126976     126976     171144      22084        253953          0             0          0          0      39104
    129024     129024     174159      22567        258048          0             0          0          0      39364
    129024     129024     174161      22568        258048          0             0          0          0      39364
    129024     129024     174162      22569        258049          0             0          0          0      39364
    131072     131072     176976      22952        262145          0             0          0          0      39892
    133120     133120     180044      23462        266239          1             0          0          0      40156
    135168     135168     183540      24186        270335          1             0          0          0      40420
    137216     137216     187054      24919        274431          1             0          0          0      40948
    139264     139264     190592      25664        278527          1             0          0          0      41212
    141312     141312     193808      26248        282623          1             0          0          0      41476
    143360     143360     196946      26793        286719          1             0          0          0      41740
    145408     145408     200290      27441        290815          1             0          0          0      42268
    147456     147456     203596      28070        294911          1             0          0          0      42532
    149504     149504     206870      28683        299007          1             0          0          0      42796
    151552     151552     210262      29355        303103          1             0          0          0      43060
    153600     153600     213590      29995        307199          1             0          0          0      43588
    155648     155648     216799      30575        311294          1             0          0          0      43852
    155648     155648     216801      30576        311294          1             0          0          0      43852
    155648     155648     216803      30577        311294          1             0          0          0      43852
    155648     155648     216805      30578        311294          1             0          0          0      43852
    155648     155648     216806      30579        311295          1             0          0          0      43852
    157696     157696     220014      31159        315391          1             0          0          0      44116
    159744     159744     223870      32063        319487          1             0          0          0      44644
    161792     161792     227504      32856        323583          1             0          0          0      44908
    163840     163840     230968      33564        327679          1             0          0          0      45172
    165888     165888     234012      34062        331775          1             0          0          0      45700
    167936     167936     237489      34776        335870          1             0          0          0      45964
    167936     167936     237491      34777        335870          1             0          0          0      45964
    167936     167936     237492      34778        335871          1             0          0          0      45964
    169984     169984     240906      35461        339967          1             0          0          0      46228
    172032     172032     244703      36335        344062          1             0          0          0      46492
    172032     172032     244705      36336        344062          1             0          0          0      46492
    172032     172032     244707      36337        344062          1             0          0          0      46492
    172032     172032     244709      36338        344062          1             0          0          0      46492
    172032     172032     244711      36339        344062          1             0          0          0      46492
    172032     172032     244713      36340        344062          1             0          0          0      46492
    172032     172032     244715      36341        344062          1             0          0          0      46492
    172032     172032     244717      36342        344062          1             0          0          0      46492
    172032     172032     244719      36343        344062          1             0          0          0      46492
    172032     172032     244721      36344        344062          1             0          0          0      46492
    172032     172032     244722      36345        344063          1             0          0          0      46492
    174080     174080     248244      37082        348159          1             0          0          0      47020
    176128     176128     251740      37806        352255          1             0          0          0      47284
    178176     178176     255208      38516        356351          1             0          0          0      47548
    180224     180224     258710      39243        360447          1             0          0          0      48076
    182272     182272     262212      39970        364543          1             0          0          0      48340
    184320     184320     265652      40666        368639          1             0          0          0      48604
    186368     186368     269280      41456        372735          1             0          0          0      49132
    188416     188416     272690      42137        376831          1             0          0          0      49396
    190464     190464     276029      42782        380926          1             0          0          0      49660
    190464     190464     276030      42783        380927          1             0          0          0      49660
    192512     192512     279438      43463        385023          1             0          0          0      49924
    194560     194560     283154      44297        389119          1             0          0          0      50452
    196608     196608     286773      45082        393214          1             0          0          0      50716
    196608     196608     286774      45083        393215          1             0          0          0      50716
    198656     198656     290278      45811        397311          1             0          0          0      51772
    200704     200704     293961      46628        401406          1             0          0          0      51772
    200704     200704     293962      46629        401407          1             0          0          0      51772
    202752     202752     297404      47326        405503          1             0          0          0      52300
    204800     204800     300520      47860        409599          1             0          0          0      52564
    206848     206848     304186      48669        413695          1             0          0          0      52828
    208896     208896     307833      49468        417790          1             0          0          0      53092
    208896     208896     307834      49469        417791          1             0          0          0      53092
    210944     210944     311428      50242        421887          1             0          0          0      53356
    212992     212992     314816      50912        425983          1             0          0          0      53620
    215040     215040     318418      51689        430079          1             0          0          0      53884
    217088     217088     322328      52620        434175          1             0          0          0      54148
    219136     219136     326078      53471        438271          1             0          0          0      54676
    221184     221184     329655      54235        442366          1             0          0          0      54940
    221184     221184     329656      54236        442367          1             0          0          0      54940
    223232     223232     333124      54946        446463          1             0          0          0      55204
    225280     225280     336628      55674        450559          1             0          0          0      55468
    227328     227328     340210      56441        454655          1             0          0          0      55996
    229376     229376     343496      57060        458751          1             0          0          0      56260
    231424     231424     347001      57788        462846          1             0          0          0      56788
    231424     231424     347002      57789        462847          1             0          0          0      56788
    233472     233472     350250      58389        466943          1             0          0          0      57316
    235520     235520     353342      58911        471039          1             0          0          0      57580
    237568     237568     356196      59314        475135          1             0          0          0      57844
    239616     239616     359728      60056        479231          1             0          0          0      57844
    241664     241664     363264      60800        483327          1             0          0          0      58108
    243712     243712     367007      61647        487422          1             0          0          0      58636
    243712     243712     367009      61648        487422          1             0          0          0      58636
    243712     243712     367010      61649        487423          1             0          0          0      58636
    245760     245760     370620      62430        491519          1             0          0          0      58900
    247808     247808     374210      63201        495615          1             0          0          0      59164
    249856     249856     377630      63887        499711          1             0          0          0      59428
    251904     251904     381272      64684        503807          1             0          0          0      59956
    253952     253952     384372      65210        507903          1             0          0          0      60220
    256000     256000     388162      66081        511999          1             0          0          0      60484
    258048     258048     392043      66997        516094          1             0          0          0      63012
    258048     258048     392045      66998        516094          1             0          0          0      63012
    258048     258048     392047      66999        516094          1             0          0          0      63012
    258048     258048     392049      67000        516094          1             0          0          0      63012
    258048     258048     392051      67001        516094          1             0          0          0      63012
    258048     258048     392052      67002        516095          1             0          0          0      63012
    260096     260096     395358      67631        520191          1             0          0          0      63276
    262144     262144     398806      68331        524287          1             0          0          0      63540
    264192     231424     261303      69022        528383          1            30          0         10      68028
    266240     249856     250686      69862        532479          1            93          0         31      68292
    268288     235520     236123      70884        536574          1           210          0         70      68556
    268288     235520     236125      70885        536574          1           210          0         70      68556
    268288     235520     236126      70886        536575          1           210          0         70      68556
    270336     237568     238907      71484        540671          1           234          0         78      68556
    272384     256000     256651      72074        544767          1           309          0        103      69084
    274432     258048     258983      72953        548863          1           393          0        131      69348
    276480     260096     261662      73832        552959          1           441          0        147      69348
    278528     245760     246556      74647        557055          1           522          0        174      69876
    280576     247808     248154      75872        561151          1           755          0        234      69876
    282624     233472     233846      76668        565246          1           924          0        277      69876
    282624     233472     233847      76669        565247          1           924          0        277      69876
    284672     235520     236746      77836        569343          1          1003          0        297      70140
    286720     204800     205004      78696        573439          1          1206          0        351      70404
    288768     256000     256440      79684        577535          1          1411          0        406      70404
    290816     225280     226114      80684        581630          1          1512          0        432      70668
    290816     225280     226115      80685        581631          1          1512          0        432      70668
    292864     227328     227860      81831        585727          1          1683          0        476      71196
    294912     262144     262575      82831        589822          1          1810          0        510      71196
    294912     262144     262576      82832        589823          1          1810          0        510      71196
    296960     231424     231896      83682        593919          1          2054          0        564      71196
    299008     217088     217663      84694        598015          1          2236          0        603      71460
    301056     202752     202923      85613        602111          1          2565          0        674      71724
    303104     253952     254410      86475        606207          1          2818          0        729      71988
    305152     256000     257145      87533        610303          1          3032          0        777      71988
    307200     225280     225424      88557        614398          1          3344          0        843      72516
    307200     225280     225426      88558        614398          1          3344          0        843      72516
    307200     225280     225428      88559        614398          1          3344          0        843      72516
    307200     225280     225430      88560        614398          1          3344          0        843      72516
    307200     225280     225431      88561        614399          1          3344          0        843      72516
    309248     260096     260623      89583        618495          1          3644          0        909      72516
    311296     229376     229708      90463        622591          1          3834          0        951      73044
    313344     231424     231752      91517        626686          1          4339          0       1043      73044
    313344     231424     231754      91518        626686          1          4339          0       1043      73044
    313344     231424     231755      91519        626687          1          4339          0       1043      73044
    315392     249856     250147      92383        630783          1          4715          0       1112      73044
    317440     235520     235932      93512        634879          1          5131          0       1187      73044
    319488     221184     221767      94631        638975          1          5536          0       1262      73308
    321536     223232     223730      95907        643071          1          5740          0       1298      73572
    323584     241664     242096      96933        647167          1          6258          0       1395      73836
    325632     243712     243977      98031        651262          1          6704          0       1479      74100
    325632     243712     243979      98032        651262          1          6704          0       1479      74100
    325632     243712     243980      98033        651263          1          6704          0       1479      74100
    327680     229376     229659      99234        655358          1          7212          0       1574      74364
    327680     229376     229660      99235        655359          1          7212          0       1574      74364
    329728     247808     248450     100200        659454          1          7511          0       1623      74364
    329728     247808     248451     100201        659455          1          7511          0       1623      74364
    331776     249856     250447     101360        663551          1          7797          0       1671      74364
    333824     219136     219709     102571        667647          1          8075          0       1717      74364
    335872     204800     205149     103782        671742          1          8535          0       1792      74628
    335872     204800     205150     103783        671743          1          8535          0       1792      74628
    337920     223232     223680     105112        675839          1          9156          0       1889      74892
    339968     225280     226037     106251        679935          1          9457          0       1937      75156
    342016     260096     260918     107233        684031          1          9763          0       1987      75684
    344064     245760     246631     108439        688127          1         10096          0       2042      75948
    346112     247808     248299     109701        692223          1         10574          0       2110      75948
    348160     233472     233918     111018        696319          1         11325          0       2217      75948
    350208     219136     219230     112196        700414          1         12407          0       2372      75948
    350208     219136     219232     112197        700414          1         12407          0       2372      75948
    350208     219136     219233     112198        700415          1         12407          0       2372      75948
    352256     204800     205038     113206        704510          1         13317          0       2503      76212
    352256     204800     205039     113207        704511          1         13317          0       2503      76212
    354304     223232     223435     114431        708607          1         14254          0       2636      76740
    356352     225280     225748     115228        712703          1         14733          0       2704      77004
    358400     260096     260372     116231        716798          1         15529          0       2822      77268
    358400     260096     260374     116232        716798          1         15529          0       2822      77268
    358400     260096     260375     116233        716799          1         15529          0       2822      77268
    360448     229376     229581     117455        720895          1         16604          0       2976      77532
    362496     247808     248320     118576        724991          1         17384          0       3077      77532
    364544     233472     233728     119718        729087          1         18494          0       3224      77532
    366592     251904     252130     120899        733182          1         19570          0       3361      77532
    366592     251904     252131     120900        733183          1         19570          0       3361      77532
    368640     237568     237784     122266        737279          1         20664          0       3504      78060
    370688     206848     207001     124382        741375          1         23470          0       3866      78324
    372736     241664     241791     125720        745471          1         24818          0       4040      78588
    374784     227328     227446     126955        749567          1         25754          0       4159      78852
    376832     212992     213166     128267        753661          2         26805          2       4290      79116
    378880     247808     248041     129855        757757          2         28420          2       4488      79116
    380928     233472     233654     131456        761853          2         30217          2       4703      79116
    382976     219136     219297     132904        765949          2         31529          2       4858      79380
    385024     221184     221339     134129        770042          3         32936          4       5022      79644
    385024     221184     221340     134130        770043          3         32936          4       5022      79644
    387072     206848     207108     135211        774139          3         34182          4       5169      79908
    389120     258048     258160     136096        778234          3         35383          4       5308      80172
    389120     258048     258162     136097        778234          3         35383          4       5308      80172
    389120     258048     258163     136098        778235          3         35383          4       5308      80172
    391168     227328     227694     137430        782330          3         36702          4       5466      80700
    391168     227328     227696     137431        782330          3         36702          4       5466      80700
    391168     227328     227697     137432        782331          3         36702          4       5466      80700
    393216     262144     262325     139329        786427          3         38813          4       5716      80964
    395264     198656     198765     140482        790523          3         40185          4       5864      80964
    397312     249856     250005     141390        794619          3         41363          4       5991      80964
    399360     251904     252103     142629        798715          3         42775          4       6143      83604
    401408     253952     254086     143552        802810          3         43716          4       6247      83868
    401408     253952     254087     143553        802811          3         43716          4       6247      83868
